<?xml version="1.0" encoding="UTF-8"?>
<!-- Generated by org.testng.reporters.JUnitReportReporter -->
<testsuite hostname="TNL71978120-B" failures="0" tests="1" name="demo.C2" time="0.025" errors="0" timestamp="2023-08-22T13:22:11 IST" skipped="0">
  <testcase classname="demo.C2" name="getCode" time="0.025"/>
</testsuite> <!-- demo.C2 -->
