<?xml version="1.0" encoding="UTF-8"?>
<!-- Generated by org.testng.reporters.JUnitReportReporter -->
<testsuite hostname="TNL71978120-B" failures="0" tests="1" name="Test1.DemoTest2" time="0.025" errors="0" timestamp="2024-06-11T09:54:04 IST" skipped="0">
  <testcase classname="Test1.DemoTest2" name="occurenceOfEachDigit" time="0.025"/>
</testsuite> <!-- Test1.DemoTest2 -->
