<?xml version="1.0" encoding="UTF-8"?>
<!-- Generated by org.testng.reporters.JUnitReportReporter -->
<testsuite hostname="TNL71978120-B" failures="0" tests="1" name="Test1.NewPracticeString" time="0.031" errors="0" timestamp="2024-06-14T19:51:09 IST" skipped="0">
  <testcase classname="Test1.NewPracticeString" name="occurenceOfEachWordUsingMap" time="0.031"/>
</testsuite> <!-- Test1.NewPracticeString -->
