<?xml version="1.0" encoding="UTF-8"?>
<!-- Generated by org.testng.reporters.JUnitReportReporter -->
<testsuite hostname="TNL71978120-B" failures="0" tests="1" name="JavaPractice.LinkedListTest" time="0.017" errors="0" timestamp="2023-08-22T17:03:49 IST" skipped="0">
  <testcase classname="JavaPractice.LinkedListTest" name="linkedList" time="0.017"/>
</testsuite> <!-- JavaPractice.LinkedListTest -->
