<?xml version="1.0" encoding="UTF-8"?>
<!-- Generated by org.testng.reporters.JUnitReportReporter -->
<testsuite hostname="TNL71978120-B" failures="0" tests="1" name="Test1.DemoTest3" time="0.018" errors="0" timestamp="2024-05-08T10:08:58 IST" skipped="0">
  <testcase classname="Test1.DemoTest3" name="sumOfDigit" time="0.018"/>
</testsuite> <!-- Test1.DemoTest3 -->
