<?xml version="1.0" encoding="UTF-8"?>
<!-- Generated by org.testng.reporters.JUnitReportReporter -->
<testsuite hostname="TNL71978120-B" failures="0" tests="1" name="CreateDemo" time="0.018" errors="0" timestamp="2023-08-17T13:43:40 IST" skipped="0">
  <testcase classname="CreateDemo" name="createDemo" time="0.018"/>
</testsuite> <!-- CreateDemo -->
