<?xml version="1.0" encoding="UTF-8"?>
<!-- Generated by org.testng.reporters.JUnitReportReporter -->
<testsuite hostname="TNL71978120-B" failures="0" tests="1" name="TestDemo.StringPractice2" time="0.023" errors="0" timestamp="2024-06-29T09:01:56 IST" skipped="0">
  <testcase classname="TestDemo.StringPractice2" name="addTheNumberInString" time="0.023"/>
</testsuite> <!-- TestDemo.StringPractice2 -->
