<?xml version="1.0" encoding="UTF-8"?>
<!-- Generated by org.testng.reporters.JUnitReportReporter -->
<testsuite hostname="TNL71978120-B" failures="0" tests="1" name="Programming.PracticeTest" time="0.025" errors="0" timestamp="2024-06-15T10:44:07 IST" skipped="0">
  <testcase classname="Programming.PracticeTest" name="swapeFirstAndLastWordInString" time="0.025"/>
</testsuite> <!-- Programming.PracticeTest -->
