<?xml version="1.0" encoding="UTF-8"?>
<!-- Generated by org.testng.reporters.JUnitReportReporter -->
<testsuite hostname="TNL71978120-B" failures="0" tests="1" name="assignmentPrograms.AssignmentPrograms" time="0.018" errors="0" timestamp="2024-05-23T11:03:53 IST" skipped="0">
  <testcase classname="assignmentPrograms.AssignmentPrograms" name="OccurenceOfString" time="0.018"/>
</testsuite> <!-- assignmentPrograms.AssignmentPrograms -->
