<?xml version="1.0" encoding="UTF-8"?>
<!-- Generated by org.testng.reporters.JUnitReportReporter -->
<testsuite hostname="TNL71978120-B" failures="0" tests="1" name="TestDemo.NewStringPractice" time="0.022" errors="0" timestamp="2024-06-18T11:06:41 IST" skipped="0">
  <testcase classname="TestDemo.NewStringPractice" name="reverseString" time="0.022"/>
</testsuite> <!-- TestDemo.NewStringPractice -->
