<?xml version="1.0" encoding="UTF-8"?>
<!-- Generated by org.testng.reporters.JUnitReportReporter -->
<testsuite hostname="TNL71978120-B" failures="0" tests="2" name="practiseTestNG.DataProviderTest" time="0.024" errors="0" timestamp="2023-11-30T11:07:34 IST" skipped="0">
  <testcase classname="practiseTestNG.DataProviderTest" name="getDataFromDataProvider" time="0.014"/>
  <testcase classname="practiseTestNG.DataProviderTest" name="getDataFromDataProvider" time="0.010"/>
</testsuite> <!-- practiseTestNG.DataProviderTest -->
