<?xml version="1.0" encoding="UTF-8"?>
<!-- Generated by org.testng.reporters.JUnitReportReporter -->
<testsuite hostname="TNL71978120-B" failures="0" tests="1" name="JavaPractice.LinkedHashSetTest" time="0.021" errors="0" timestamp="2023-08-22T17:38:21 IST" skipped="0">
  <testcase classname="JavaPractice.LinkedHashSetTest" name="linkedHashSet" time="0.021"/>
</testsuite> <!-- JavaPractice.LinkedHashSetTest -->
