<?xml version="1.0" encoding="UTF-8"?>
<!-- Generated by org.testng.reporters.JUnitReportReporter -->
<testsuite hostname="TNL71978120-B" failures="0" tests="1" name="Programming.SampleTest" time="0.019" errors="0" timestamp="2023-11-29T18:15:55 IST" skipped="0">
  <testcase classname="Programming.SampleTest" name="reverseTheWord" time="0.019"/>
</testsuite> <!-- Programming.SampleTest -->
