<?xml version="1.0" encoding="UTF-8"?>
<!-- Generated by org.testng.reporters.JUnitReportReporter -->
<testsuite hostname="TNL71978120-B" failures="0" tests="1" name="Programming.ArrayProgramms" time="0.021" errors="0" timestamp="2024-06-26T10:08:28 IST" skipped="0">
  <testcase classname="Programming.ArrayProgramms" name="sortArrayInDescendingOrderUsingBubbleSort" time="0.021"/>
</testsuite> <!-- Programming.ArrayProgramms -->
