<?xml version="1.0" encoding="UTF-8"?>
<!-- Generated by org.testng.reporters.JUnitReportReporter -->
<testsuite hostname="TNL71978120-B" failures="0" tests="1" name="TestDemo.StringClassPractice2" time="0.018" errors="0" timestamp="2024-07-03T09:33:05 IST" skipped="0">
  <testcase classname="TestDemo.StringClassPractice2" name="uniqueNumberInArray" time="0.018"/>
</testsuite> <!-- TestDemo.StringClassPractice2 -->
