<?xml version="1.0" encoding="UTF-8"?>
<!-- Generated by org.testng.reporters.JUnitReportReporter -->
<testsuite hostname="TNL71978120-B" failures="0" tests="2" name="TestDemo.DataTest" time="0.015" errors="0" timestamp="2024-06-01T12:32:43 IST" skipped="0">
  <testcase classname="TestDemo.DataTest" name="verifyData" time="0.003"/>
  <testcase classname="TestDemo.DataTest" name="verifyData" time="0.012"/>
</testsuite> <!-- TestDemo.DataTest -->
