<?xml version="1.0" encoding="UTF-8"?>
<!-- Generated by org.testng.reporters.JUnitReportReporter -->
<testsuite hostname="TNL71978120-B" failures="0" tests="1" name="Programming.NumbersTest" time="0.018" errors="0" timestamp="2024-06-26T17:20:15 IST" skipped="0">
  <testcase classname="Programming.NumbersTest" name="findSumOfDigit" time="0.018"/>
</testsuite> <!-- Programming.NumbersTest -->
