<?xml version="1.0" encoding="UTF-8"?>
<!-- Generated by org.testng.reporters.JUnitReportReporter -->
<testsuite hostname="TNL71978120-B" failures="0" tests="1" name="Programming.StringClassTest" time="0.017" errors="0" timestamp="2024-05-18T09:10:52 IST" skipped="0">
  <testcase classname="Programming.StringClassTest" name="missingArray" time="0.017"/>
</testsuite> <!-- Programming.StringClassTest -->
