<?xml version="1.0" encoding="UTF-8"?>
<!-- Generated by org.testng.reporters.JUnitReportReporter -->
<testsuite hostname="TNL71978120-B" failures="0" tests="1" name="TestDemo.DemoTestq1" time="0.021" errors="0" timestamp="2024-06-26T09:56:19 IST" skipped="0">
  <testcase classname="TestDemo.DemoTestq1" name="segriegateSpecialString" time="0.021"/>
</testsuite> <!-- TestDemo.DemoTestq1 -->
