<?xml version="1.0" encoding="UTF-8"?>
<!-- Generated by org.testng.reporters.JUnitReportReporter -->
<testsuite hostname="TNL71978120-B" failures="0" tests="5" name="Test.ProgramsPractice" time="0.049" errors="0" timestamp="2024-05-01T10:50:19 IST" skipped="0">
  <testcase classname="Test.ProgramsPractice" name="armstrongNumber" time="0.004"/>
  <testcase classname="Test.ProgramsPractice" name="fibnocciSeries" time="0.012"/>
  <testcase classname="Test.ProgramsPractice" name="sumOfDigitOfNumber" time="0.011"/>
  <testcase classname="Test.ProgramsPractice" name="checkNumberPallindrome" time="0.005"/>
  <testcase classname="Test.ProgramsPractice" name="FactorialOfNumber" time="0.017"/>
</testsuite> <!-- Test.ProgramsPractice -->
