<?xml version="1.0" encoding="UTF-8"?>
<!-- Generated by org.testng.reporters.JUnitReportReporter -->
<testsuite hostname="TNL71978120-B" failures="0" tests="1" name="JavaPractice.ArrayListTest" time="0.018" errors="0" timestamp="2023-08-22T17:03:27 IST" skipped="0">
  <testcase classname="JavaPractice.ArrayListTest" name="verifyArrayList" time="0.018"/>
</testsuite> <!-- JavaPractice.ArrayListTest -->
