<?xml version="1.0" encoding="UTF-8"?>
<!-- Generated by org.testng.reporters.JUnitReportReporter -->
<testsuite hostname="TNL71978120-B" failures="0" tests="1" name="assignmentPrograms.AssignmentPrograms$StringpalindromeByIterator" time="0.003" errors="0" timestamp="2024-05-23T11:03:53 IST" skipped="0">
  <testcase classname="assignmentPrograms.AssignmentPrograms$StringpalindromeByIterator" name="iteratorPalindrome" time="0.003"/>
</testsuite> <!-- assignmentPrograms.AssignmentPrograms$StringpalindromeByIterator -->
