<?xml version="1.0" encoding="UTF-8"?>
<!-- Generated by org.testng.reporters.JUnitReportReporter -->
<testsuite hostname="TNL71978120-B" failures="0" tests="1" name="TestDemo.DemoTest" time="0.015" errors="0" timestamp="2024-05-18T11:10:46 IST" skipped="0">
  <testcase classname="TestDemo.DemoTest" name="append0sAtLast" time="0.015"/>
</testsuite> <!-- TestDemo.DemoTest -->
