<?xml version="1.0" encoding="UTF-8"?>
<!-- Generated by org.testng.reporters.JUnitReportReporter -->
<testsuite hostname="TNL71978120-B" failures="0" tests="1" name="Programming.SwipNumberUsing3rd" time="0.020" errors="0" timestamp="2023-08-23T11:28:17 IST" skipped="0">
  <testcase classname="Programming.SwipNumberUsing3rd" name="Multiply1st3MaxNumber" time="0.020"/>
</testsuite> <!-- Programming.SwipNumberUsing3rd -->
