<?xml version="1.0" encoding="UTF-8"?>
<!-- Generated by org.testng.reporters.JUnitReportReporter -->
<testsuite hostname="TNL71978120-B" failures="0" tests="1" name="PracticeDemo.DemoTest2" time="0.020" errors="0" timestamp="2024-06-01T09:47:37 IST" skipped="0">
  <testcase classname="PracticeDemo.DemoTest2" name="checkTheGivenStringIsAnagram" time="0.020"/>
</testsuite> <!-- PracticeDemo.DemoTest2 -->
